[debug] [2017-11-17T16:59:19.715Z] ----------------------------------------------------------------------
[debug] [2017-11-17T16:59:19.717Z] Command:       /usr/local/bin/node /Users/guang/Documents/JavaScript/reactProjs/coquill/coquill/node_modules/.bin/firebase serve --only functions,hosting
[debug] [2017-11-17T16:59:19.717Z] CLI Version:   3.15.1
[debug] [2017-11-17T16:59:19.718Z] Platform:      darwin
[debug] [2017-11-17T16:59:19.718Z] Node Version:  v7.10.1
[debug] [2017-11-17T16:59:19.718Z] Time:          Fri Nov 17 2017 11:59:19 GMT-0500 (EST)
[debug] [2017-11-17T16:59:19.718Z] ----------------------------------------------------------------------
[debug] 
[debug] [2017-11-17T16:59:19.729Z] > command requires scopes: ["email","openid","https://www.googleapis.com/auth/cloudplatformprojects.readonly","https://www.googleapis.com/auth/firebase","https://www.googleapis.com/auth/cloud-platform"]
[debug] [2017-11-17T16:59:19.730Z] > authorizing via signed-in user
[debug] [2017-11-17T16:59:19.732Z] >>> HTTP REQUEST GET https://admin.firebase.com/v1/projects/coquill-e559a  
 Fri Nov 17 2017 11:59:19 GMT-0500 (EST)
[debug] [2017-11-17T16:59:20.074Z] <<< HTTP RESPONSE 200
[debug] [2017-11-17T16:59:20.075Z] >>> HTTP REQUEST GET https://admin.firebase.com/v1/database/coquill-e559a/tokens  
 Fri Nov 17 2017 11:59:20 GMT-0500 (EST)
[debug] [2017-11-17T16:59:20.421Z] <<< HTTP RESPONSE 200
[info] 
[info] === Serving from '/Users/guang/Documents/JavaScript/reactProjs/coquill/coquill'...
[info] 
[info] i  functions: Preparing to emulate functions.
[debug] [2017-11-17T16:59:20.681Z] >>> HTTP REQUEST GET https://appengine.googleapis.com/v1/apps/coquill-e559a  
 Fri Nov 17 2017 11:59:20 GMT-0500 (EST)
[debug] [2017-11-17T16:59:20.681Z] >>> HTTP REQUEST GET https://apikeys.googleapis.com/v1/projects/coquill-e559a/apiKeys  
 Fri Nov 17 2017 11:59:20 GMT-0500 (EST)
[debug] [2017-11-17T16:59:20.682Z] >>> HTTP REQUEST GET https://cloudresourcemanager.googleapis.com/v1/projects/coquill-e559a  
 Fri Nov 17 2017 11:59:20 GMT-0500 (EST)
[debug] [2017-11-17T16:59:21.048Z] <<< HTTP RESPONSE 200
[debug] [2017-11-17T16:59:21.154Z] <<< HTTP RESPONSE 200
[debug] [2017-11-17T16:59:21.155Z] >>> HTTP REQUEST GET https://mobilesdk-pa.googleapis.com/v1/projects/35039533954/clients/_:getWebAppConfig  
 Fri Nov 17 2017 11:59:21 GMT-0500 (EST)
[debug] [2017-11-17T16:59:21.223Z] <<< HTTP RESPONSE 200
[debug] [2017-11-17T16:59:21.473Z] <<< HTTP RESPONSE 200
[info] i  hosting: Serving hosting files from: public
[info] ✔  hosting: Local server: http://localhost:5000

[info] ✔  functions: helloWorld: http://localhost:5001/coquill-e559a/us-central1/helloWorld
